report-intelligence/style-learner/ReportStyleLearner.ts(13,3): error TS1484: 'StyleProfile' is a type and must be imported using a type-only import when 'verbatimModuleSyntax' is enabled.
report-intelligence/visual-rendering/engines/ImageEmbeddingPipeline.ts(405,11): error TS2741: Property 'url' is missing in type '{ dataUrl: string; alt: string; caption: string | undefined; }' but required in type 'ImageSource'.
report-intelligence/visual-rendering/engines/VisualRenderingEngine.ts(268,29): error TS2339: Property 'documentId' does not exist on type 'RenderingResult'.
report-intelligence/visual-rendering/engines/VisualRenderingEngine.ts(270,15): error TS18048: 'content.html' is possibly 'undefined'.
report-intelligence/visual-rendering/engines/VisualRenderingEngine.ts(270,37): error TS18048: 'content.css' is possibly 'undefined'.
report-intelligence/visual-rendering/engines/VisualRenderingEngine.ts(295,9): error TS2353: Object literal may only specify known properties, and 'timestamp' does not exist in type 'RenderingProgress'.
report-intelligence/visual-rendering/engines/VisualRenderingEngine.ts(541,11): error TS2353: Object literal may only specify known properties, and 'htmlSize' does not exist in type 'RenderingMetrics'.
report-intelligence/visual-rendering/engines/VisualRenderingEngine.ts(561,9): error TS2322: Type '{ id: string; timestamp: Date; format: "jpeg" | "png" | "webp"; pageNumber: number; dataUrl: string; width: number; height: number; metadata: { documentId: string; tags: string[]; }; }[]' is not assignable to type 'SnapshotResult[]'.
  Type '{ id: string; timestamp: Date; format: "jpeg" | "png" | "webp"; pageNumber: number; dataUrl: string; width: number; height: number; metadata: { documentId: string; tags: string[]; }; }' is missing the following properties from type 'SnapshotResult': size, quality, captureTime
report-intelligence/visual-rendering/engines/VisualRenderingEngine.ts(588,13): error TS2353: Object literal may only specify known properties, and 'html' does not exist in type 'DocumentContent'.
report-intelligence/visual-rendering/engines/VisualRenderingEngine.ts(597,11): error TS2739: Type 'PDFExportResult' is missing the following properties from type 'PDFExportResult': id, fileName, quality, generationTime
report-intelligence/visual-rendering/engines/VisualRenderingEngine.ts(723,11): error TS2353: Object literal may only specify known properties, and 'htmlSize' does not exist in type 'RenderingMetrics'.
report-intelligence/visual-rendering/engines/VisualRenderingEngine.ts(755,13): error TS2353: Object literal may only specify known properties, and 'timestamp' does not exist in type 'SnapshotResult'.
report-intelligence/visual-rendering/engines/VisualRenderingEngine.ts(818,7): error TS2353: Object literal may only specify known properties, and 'html' does not exist in type 'DocumentContent'.
src/communication/stores/notificationStore.ts(123,7): error TS2322: Type '{ total: number; unread: number; urgent: number; byType: Record<string, number>; byPriority: Record<string, number>; } | undefined' is not assignable to type '{ total: number; unread: number; urgent: number; byType: Record<string, number>; byPriority: Record<string, number>; } | null'.
  Type 'undefined' is not assignable to type '{ total: number; unread: number; urgent: number; byType: Record<string, number>; byPriority: Record<string, number>; } | null'.
src/lib/copilot/agents/agentIntegration.test.ts(140,2): error TS2304: Cannot find name 'beforeEach'.
src/lib/copilot/agents/agentIntegration.test.ts(172,2): error TS2304: Cannot find name 'afterEach'.
src/lib/copilot/integrationTest.ts(72,9): error TS2739: Type '{ ui: { currentScreen: "message-view"; contextPanelOpen: false; assistLayerOpen: false; smartShareActive: false; isComposing: false; isViewingCampaign: false; deliverabilityWarningsVisible: false; lastUpdated: Date; }; ... 4 more ...; smartShare: { ...; }; }' is missing the following properties from type 'CopilotContext': route, assistantActive, inputEmpty, isMobile
src/lib/copilot/memory/memoryEngine.ts(171,4): error TS2322: Type 'MemoryItem | null' is not assignable to type 'MemoryItem | undefined'.
  Type 'null' is not assignable to type 'MemoryItem | undefined'.
src/lib/copilot/memory/providerEngine.ts(557,6): error TS2339: Property 'tags' does not exist on type 'MemoryItem'.
src/lib/copilot/workflows/__tests__/workflowIntegration.test.ts(8,61): error TS2307: Cannot find module 'vitest' or its corresponding type declarations.
src/lib/copilot/workflows/__tests__/workflowIntegration.test.ts(70,82): error TS2345: Argument of type '{ ui: { currentScreen: string; contextPanelOpen: boolean; assistLayerOpen: boolean; smartShareActive: boolean; isComposing: boolean; isViewingCampaign: boolean; deliverabilityWarningsVisible: boolean; lastUpdated: Date; }; navigationHistory: string[]; hintPreferences: { ...; }; }' is not assignable to parameter of type 'CopilotContext'.
  Type '{ ui: { currentScreen: string; contextPanelOpen: boolean; assistLayerOpen: boolean; smartShareActive: boolean; isComposing: boolean; isViewingCampaign: boolean; deliverabilityWarningsVisible: boolean; lastUpdated: Date; }; navigationHistory: string[]; hintPreferences: { ...; }; }' is missing the following properties from type 'CopilotContext': route, assistantActive, inputEmpty, isMobile
src/lib/copilot/workflows/__tests__/workflowIntegration.test.ts(83,82): error TS2345: Argument of type '{ ui: { currentScreen: string; contextPanelOpen: boolean; assistLayerOpen: boolean; smartShareActive: boolean; isComposing: boolean; isViewingCampaign: boolean; deliverabilityWarningsVisible: boolean; lastUpdated: Date; }; navigationHistory: string[]; hintPreferences: { ...; }; }' is not assignable to parameter of type 'CopilotContext'.
src/lib/copilot/workflows/__tests__/workflowIntegration.test.ts(101,82): error TS2345: Argument of type '{ ui: { currentScreen: string; contextPanelOpen: boolean; assistLayerOpen: boolean; smartShareActive: boolean; isComposing: boolean; isViewingCampaign: boolean; deliverabilityWarningsVisible: boolean; lastUpdated: Date; }; navigationHistory: string[]; hintPreferences: { ...; }; }' is not assignable to parameter of type 'CopilotContext'.
src/lib/copilot/workflows/__tests__/workflowIntegration.test.ts(135,62): error TS2345: Argument of type '{ ui: { currentScreen: string; contextPanelOpen: boolean; assistLayerOpen: boolean; smartShareActive: boolean; isComposing: boolean; isViewingCampaign: boolean; deliverabilityWarningsVisible: boolean; lastUpdated: Date; }; navigationHistory: string[]; hintPreferences: { ...; }; }' is not assignable to parameter of type 'CopilotContext'.
src/lib/copilot/workflows/__tests__/workflowIntegration.test.ts(142,70): error TS2345: Argument of type '{ ui: { currentScreen: string; contextPanelOpen: boolean; assistLayerOpen: boolean; smartShareActive: boolean; isComposing: boolean; isViewingCampaign: boolean; deliverabilityWarningsVisible: boolean; lastUpdated: Date; }; navigationHistory: string[]; hintPreferences: { ...; }; }' is not assignable to parameter of type 'CopilotContext'.
src/lib/copilot/workflows/__tests__/workflowIntegration.test.ts(178,5): error TS2345: Argument of type '{ ui: { currentScreen: string; contextPanelOpen: boolean; assistLayerOpen: boolean; smartShareActive: boolean; isComposing: boolean; isViewingCampaign: boolean; deliverabilityWarningsVisible: boolean; lastUpdated: Date; }; navigationHistory: string[]; hintPreferences: { ...; }; }' is not assignable to parameter of type 'CopilotContext'.
src/lib/copilot/workflows/__tests__/workflowIntegration.test.ts(197,5): error TS2345: Argument of type '{ ui: { currentScreen: string; contextPanelOpen: boolean; assistLayerOpen: boolean; smartShareActive: boolean; isComposing: boolean; isViewingCampaign: boolean; deliverabilityWarningsVisible: boolean; lastUpdated: Date; }; navigationHistory: string[]; hintPreferences: { ...; }; }' is not assignable to parameter of type 'CopilotContext'.
src/lib/copilot/workflows/__tests__/workflowIntegration.test.ts(224,72): error TS2345: Argument of type '{ ui: { currentScreen: string; contextPanelOpen: boolean; assistLayerOpen: boolean; smartShareActive: boolean; isComposing: boolean; isViewingCampaign: boolean; deliverabilityWarningsVisible: boolean; lastUpdated: Date; }; navigationHistory: string[]; hintPreferences: { ...; }; }' is not assignable to parameter of type 'CopilotContext'.
src/lib/copilot/workflows/__tests__/workflowIntegration.test.ts(225,79): error TS2345: Argument of type '{ ui: { currentScreen: string; contextPanelOpen: boolean; assistLayerOpen: boolean; smartShareActive: boolean; isComposing: boolean; isViewingCampaign: boolean; deliverabilityWarningsVisible: boolean; lastUpdated: Date; }; navigationHistory: string[]; hintPreferences: { ...; }; }' is not assignable to parameter of type 'CopilotContext'.
src/lib/copilot/workflows/__tests__/workflowIntegration.test.ts(293,44): error TS2345: Argument of type '{ ui: { currentScreen: string; contextPanelOpen: boolean; assistLayerOpen: boolean; smartShareActive: boolean; isComposing: boolean; isViewingCampaign: boolean; deliverabilityWarningsVisible: boolean; lastUpdated: Date; }; navigationHistory: string[]; hintPreferences: { ...; }; }' is not assignable to parameter of type 'CopilotContext'.
src/lib/copilot/workflows/__tests__/workflowIntegration.test.ts(353,70): error TS2345: Argument of type '{ ui: { currentScreen: string; contextPanelOpen: boolean; assistLayerOpen: boolean; smartShareActive: boolean; isComposing: boolean; isViewingCampaign: boolean; deliverabilityWarningsVisible: boolean; lastUpdated: Date; }; navigationHistory: string[]; hintPreferences: { ...; }; }' is not assignable to parameter of type 'CopilotContext'.
src/lib/copilot/workflows/integrationTest.ts(18,7): error TS2739: Type '{ ui: { currentScreen: ScreenType; contextPanelOpen: false; assistLayerOpen: false; smartShareActive: false; isComposing: false; isViewingCampaign: false; deliverabilityWarningsVisible: false; lastUpdated: Date; }; navigationHistory: ScreenType[]; hintPreferences: { ...; }; }' is missing the following properties from type 'CopilotContext': route, assistantActive, inputEmpty, isMobile
src/lib/email/metadata/appFlowyIntegration.ts(250,40): error TS2339: Property 'lastSync' does not exist on type 'ImapSyncState'.
src/lib/email/metadata/appFlowyIntegration.ts(259,24): error TS2339: Property 'lastSync' does not exist on type 'ImapSyncState'.
src/lib/email/metadata/appFlowyIntegration.ts(260,23): error TS2339: Property 'lastUid' does not exist on type 'ImapSyncState'.
src/lib/email/metadata/appFlowyIntegration.ts(261,30): error TS2339: Property 'highestModSeq' does not exist on type 'ImapSyncState'.
src/lib/services/notesService.ts(120,12): error TS2345: Argument of type 'any' is not assignable to parameter of type 'never'.
src/lib/services/pdfParsingService.ts(15,42): error TS2307: Cannot find module '../../report-intelligence/pdf-parsing/PDFParser' or its corresponding type declarations.
src/lib/services/reportsService.ts(111,12): error TS2345: Argument of type 'any' is not assignable to parameter of type 'never'.
src/lib/services/treesService.ts(121,12): error TS2345: Argument of type 'any' is not assignable to parameter of type 'never'.
